<?xml version="1.0" encoding="UTF-8"?>
<!-- Generated by org.testng.reporters.JUnitReportReporter -->
<testsuite hostname="LSherpaPC" name="com.osa.maintestng.TestDifferentClass" tests="4" failures="0" timestamp="6 May 2020 22:26:41 GMT" time="0.045" errors="0">
  <testcase name="method2" time="0.003" classname="com.osa.maintestng.TestDifferentClass"/>
  <testcase name="method1" time="0.006" classname="com.osa.maintestng.TestDifferentClass"/>
  <testcase name="test1" time="0.035" classname="com.osa.maintestng.TestDifferentClass"/>
  <testcase name="test6" time="0.001" classname="com.osa.maintestng.TestDifferentClass"/>
</testsuite> <!-- com.osa.maintestng.TestDifferentClass -->
