<?xml version="1.0" encoding="UTF-8"?>
<!-- Generated by org.testng.reporters.JUnitReportReporter -->
<testsuite hostname="LSherpaPC" name="com.osa.maintestng.TestCases" tests="2" failures="0" timestamp="6 May 2020 22:23:49 GMT" time="0.018" errors="0">
  <testcase name="test1" time="0.014" classname="com.osa.maintestng.TestCases"/>
  <testcase name="test6" time="0.004" classname="com.osa.maintestng.TestCases"/>
</testsuite> <!-- com.osa.maintestng.TestCases -->
