<?xml version="1.0" encoding="UTF-8"?>
<!-- Generated by org.testng.reporters.JUnitReportReporter -->
<testsuite hostname="LSherpaPC" name="com.osa.maintestng.ManiTestNG" tests="2" failures="0" timestamp="6 May 2020 22:19:26 GMT" time="0.023" errors="0">
  <testcase name="test6" time="0.003" classname="com.osa.maintestng.ManiTestNG"/>
  <testcase name="test1" time="0.020" classname="com.osa.maintestng.ManiTestNG"/>
</testsuite> <!-- com.osa.maintestng.ManiTestNG -->
